<?xml version="1.0" encoding="UTF-8"?>
<!-- Generated by org.testng.reporters.JUnitReportReporter -->
<testsuite skipped="0" hostname="DESKTOP-4LLB9RA" name="ddt.TestDate" tests="1" failures="0" timestamp="2022-03-16T12:47:17 IST" time="0.021" errors="0">
  <testcase name="getDate" time="0.021" classname="ddt.TestDate"/>
  <system-out/>
</testsuite> <!-- ddt.TestDate -->
