<?xml version="1.0" encoding="UTF-8"?>
<!-- Generated by org.testng.reporters.JUnitReportReporter -->
<testsuite skipped="5" hostname="DESKTOP-4LLB9RA" name="testNgProgram.ActiTimeTask" tests="5" failures="0" timestamp="2022-03-13T01:46:49 IST" time="0.000" errors="0">
  <testcase name="deleteAndVerifyTask" time="0.000" classname="testNgProgram.ActiTimeTask">
    <skipped/>
  </testcase> <!-- deleteAndVerifyTask -->
  <system-out/>
  <testcase name="createAndVerifyTask" time="0.000" classname="testNgProgram.ActiTimeTask">
    <skipped/>
  </testcase> <!-- createAndVerifyTask -->
  <system-out/>
  <testcase name="modifyAndVerifyTask" time="0.000" classname="testNgProgram.ActiTimeTask">
    <skipped/>
  </testcase> <!-- modifyAndVerifyTask -->
  <system-out/>
  <testcase name="openBroserAndLogin" time="0.000" classname="testNgProgram.ActiTimeTask">
    <skipped/>
  </testcase> <!-- openBroserAndLogin -->
  <system-out/>
  <testcase name="logoutAndClose" time="0.000" classname="testNgProgram.ActiTimeTask">
    <skipped/>
  </testcase> <!-- logoutAndClose -->
  <system-out/>
</testsuite> <!-- testNgProgram.ActiTimeTask -->
