<?xml version="1.0" encoding="UTF-8"?>
<!-- Generated by org.testng.reporters.JUnitReportReporter -->
<testsuite skipped="0" hostname="DESKTOP-4LLB9RA" name="switchToPrograms.ActiveElement" tests="2" failures="0" timestamp="2022-03-13T02:21:19 IST" time="29.079" errors="0">
  <testcase name="googleTest" time="14.133" classname="switchToPrograms.ActiveElement"/>
  <system-out/>
  <testcase name="testElement" time="14.946" classname="switchToPrograms.ActiveElement"/>
  <system-out/>
</testsuite> <!-- switchToPrograms.ActiveElement -->
