<?xml version="1.0" encoding="UTF-8"?>
<!-- Generated by org.testng.reporters.JUnitReportReporter -->
<testsuite skipped="0" hostname="DESKTOP-4LLB9RA" name="windowHandling.WindowsHandling" tests="1" failures="0" timestamp="2022-03-14T13:06:40 IST" time="18.381" errors="0">
  <testcase name="testWindow" time="18.381" classname="windowHandling.WindowsHandling"/>
  <system-out/>
</testsuite> <!-- windowHandling.WindowsHandling -->
