<?xml version="1.0" encoding="UTF-8"?>
<!-- Generated by org.testng.reporters.JUnitReportReporter -->
<testsuite skipped="0" hostname="DESKTOP-4LLB9RA" name="ddt.ExcelReading" tests="4" failures="0" timestamp="2022-03-17T13:11:39 IST" time="0.549" errors="0">
  <testcase name="getRowOperation" time="0.044" classname="ddt.ExcelReading"/>
  <system-out/>
  <testcase name="getSheetName" time="0.058" classname="ddt.ExcelReading"/>
  <system-out/>
  <testcase name="getDifferentCellValues" time="0.029" classname="ddt.ExcelReading"/>
  <system-out/>
  <testcase name="getCellOperation" time="0.418" classname="ddt.ExcelReading"/>
  <system-out/>
</testsuite> <!-- ddt.ExcelReading -->
