<?xml version="1.0" encoding="UTF-8"?>
<!-- Generated by org.testng.reporters.JUnitReportReporter -->
<testsuite skipped="2" hostname="DESKTOP-4LLB9RA" name="testNgProgram.BeforeApplicationWithBeforeAfterMethod" tests="2" failures="0" timestamp="2022-03-13T01:46:49 IST" time="0.000" errors="0">
  <testcase name="googlePageLanding" time="0.000" classname="testNgProgram.BeforeApplicationWithBeforeAfterMethod">
    <skipped/>
  </testcase> <!-- googlePageLanding -->
  <system-out/>
  <testcase name="testSearch" time="0.000" classname="testNgProgram.BeforeApplicationWithBeforeAfterMethod">
    <skipped/>
  </testcase> <!-- testSearch -->
  <system-out/>
</testsuite> <!-- testNgProgram.BeforeApplicationWithBeforeAfterMethod -->
