<?xml version="1.0" encoding="UTF-8"?>
<!-- Generated by org.testng.reporters.JUnitReportReporter -->
<testsuite skipped="0" hostname="DESKTOP-4LLB9RA" name="switchToPrograms.HandlingFrame" tests="1" failures="0" timestamp="2022-03-13T03:36:10 IST" time="14.769" errors="0">
  <testcase name="handlingFrame" time="14.769" classname="switchToPrograms.HandlingFrame"/>
  <system-out/>
</testsuite> <!-- switchToPrograms.HandlingFrame -->
