<?xml version="1.0" encoding="UTF-8"?>
<!-- Generated by org.testng.reporters.JUnitReportReporter -->
<testsuite skipped="0" hostname="DESKTOP-4LLB9RA" name="ddt.TestPosition" tests="1" failures="0" timestamp="2022-03-17T13:59:50 IST" time="0.074" errors="0">
  <testcase name="testPositionOfActitime" time="0.074" classname="ddt.TestPosition"/>
  <system-out/>
</testsuite> <!-- ddt.TestPosition -->
