<?xml version="1.0" encoding="UTF-8"?>
<!-- Generated by org.testng.reporters.JUnitReportReporter -->
<testsuite skipped="4" hostname="DESKTOP-4LLB9RA" name="testNgProgram.GroupExample" tests="4" failures="0" timestamp="2022-03-13T01:46:49 IST" time="0.000" errors="0">
  <testcase name="testCase2" time="0.000" classname="testNgProgram.GroupExample">
    <skipped/>
  </testcase> <!-- testCase2 -->
  <system-out/>
  <testcase name="testCase1" time="0.000" classname="testNgProgram.GroupExample">
    <skipped/>
  </testcase> <!-- testCase1 -->
  <system-out/>
  <testcase name="testCase3" time="0.000" classname="testNgProgram.GroupExample">
    <skipped/>
  </testcase> <!-- testCase3 -->
  <system-out/>
  <testcase name="testCase4" time="0.000" classname="testNgProgram.GroupExample">
    <skipped/>
  </testcase> <!-- testCase4 -->
  <system-out/>
</testsuite> <!-- testNgProgram.GroupExample -->
