<?xml version="1.0" encoding="UTF-8"?>
<!-- Generated by org.testng.reporters.JUnitReportReporter -->
<testsuite skipped="0" hostname="DESKTOP-4LLB9RA" name="testNgProgram.Parameterization" tests="1" failures="0" timestamp="2022-03-16T15:42:02 IST" time="12.731" errors="0">
  <testcase name="loginForActitime" time="12.731" classname="testNgProgram.Parameterization"/>
  <system-out/>
</testsuite> <!-- testNgProgram.Parameterization -->
